LOADING	C:\Users\FM23\AURIX-v1.10.2-workspace\Final_Project\TriCore Debug (TASKING)\Final_Project.elf
EMULATION	Probe - System; Root
EMULATION	Initial debug frequency set
EMULATION	Asserting reset
EMULATION	Connected to SoC/core(s)
EMULATION	Finished connecting to SoC
EMULATION	Releasing reset
EMULATION	Unexpected boot core state after debug entry
EMULATION	Initialization script (if any) done
No RAM which needs initialization found
EMULATION	Final debug frequency set
SoC	SMP requirements not satisfied. Check multi-core synchronization settings.
EMULATION	STARTED
SoC	SMP requirements not satisfied. Check multi-core synchronization settings.
PROGRAMMING 	14093 bytes
No security license - device program security checks are read-only
Device will be improperly configured after FLASH operation. Allow policy selected. BMHDID is not 0xB359! Violation detected on address 0xAF400000.
Device will be improperly configured after FLASH operation. Allow policy selected. Start address not in PFLASH! Violation detected on address 0xAF400004.
Device will be improperly configured after FLASH operation. Allow policy selected. Issue found in CRCBMHD - CRC value! Violation detected on address 0xAF400008.
Device will be improperly configured after FLASH operation. Allow policy selected. Issue found in CRCBMHD_N - CRCn value! Violation detected on address 0xAF40000C.
Device will be improperly configured after FLASH operation. Allow policy selected. Missing Confirmation code in BMHD! Violation detected on address 0xAF4001F0.
SoC	SMP requirements not satisfied. Check multi-core synchronization settings.
SoC	SMP requirements not satisfied. Check multi-core synchronization settings.
SoC	SMP requirements not satisfied. Check multi-core synchronization settings.
SoC	SMP requirements not satisfied. Check multi-core synchronization settings.
SoC	SMP requirements not satisfied. Check multi-core synchronization settings.
SoC	SMP requirements not satisfied. Check multi-core synchronization settings.
SoC	SMP requirements not satisfied. Check multi-core synchronization settings.
SoC	SMP requirements not satisfied. Check multi-core synchronization settings.
SoC	SMP requirements not satisfied. Check multi-core synchronization settings.
SoC	SMP requirements not satisfied. Check multi-core synchronization settings.
SoC	SMP requirements not satisfied. Check multi-core synchronization settings.
SoC	SMP requirements not satisfied. Check multi-core synchronization settings.
SoC	SMP requirements not satisfied. Check multi-core synchronization settings.
SoC	SMP requirements not satisfied. Check multi-core synchronization settings.
SoC	SMP requirements not satisfied. Check multi-core synchronization settings.
SoC	SMP requirements not satisfied. Check multi-core synchronization settings.
SoC	SMP requirements not satisfied. Check multi-core synchronization settings.
SoC	SMP requirements not satisfied. Check multi-core synchronization settings.
SoC	SMP requirements not satisfied. Check multi-core synchronization settings.
SoC	SMP requirements not satisfied. Check multi-core synchronization settings.
SoC	SMP requirements not satisfied. Check multi-core synchronization settings.
SoC	SMP requirements not satisfied. Check multi-core synchronization settings.
SoC	SMP requirements not satisfied. Check multi-core synchronization settings.
SoC	SMP requirements not satisfied. Check multi-core synchronization settings.
SoC	SMP requirements not satisfied. Check multi-core synchronization settings.
SoC	SMP requirements not satisfied. Check multi-core synchronization settings.
SoC	SMP requirements not satisfied. Check multi-core synchronization settings.
SoC	SMP requirements not satisfied. Check multi-core synchronization settings.
SoC	SMP requirements not satisfied. Check multi-core synchronization settings.
SoC	SMP requirements not satisfied. Check multi-core synchronization settings.
SoC	SMP requirements not satisfied. Check multi-core synchronization settings.
SoC	SMP requirements not satisfied. Check multi-core synchronization settings.
SoC	SMP requirements not satisfied. Check multi-core synchronization settings.
EMULATION	END - Not attempting cleanup
LOADING	C:\Users\FM23\AURIX-v1.10.2-workspace\Final_Project\TriCore Debug (TASKING)\Final_Project.elf
EMULATION	Probe - System; Root
EMULATION	Initial debug frequency set
EMULATION	Asserting reset
EMULATION	Connected to SoC/core(s)
EMULATION	Finished connecting to SoC
EMULATION	Releasing reset
EMULATION	Unexpected boot core state after debug entry
EMULATION	Initialization script (if any) done
No RAM which needs initialization found
EMULATION	Final debug frequency set
SoC	SMP requirements not satisfied. Check multi-core synchronization settings.
EMULATION	STARTED
SoC	SMP requirements not satisfied. Check multi-core synchronization settings.
PROGRAMMING 	14093 bytes
No security license - device program security checks are read-only
Device will be improperly configured after FLASH operation. Allow policy selected. BMHDID is not 0xB359! Violation detected on address 0xAF400000.
Device will be improperly configured after FLASH operation. Allow policy selected. Start address not in PFLASH! Violation detected on address 0xAF400004.
Device will be improperly configured after FLASH operation. Allow policy selected. Issue found in CRCBMHD - CRC value! Violation detected on address 0xAF400008.
Device will be improperly configured after FLASH operation. Allow policy selected. Issue found in CRCBMHD_N - CRCn value! Violation detected on address 0xAF40000C.
Device will be improperly configured after FLASH operation. Allow policy selected. Missing Confirmation code in BMHD! Violation detected on address 0xAF4001F0.
SoC	SMP requirements not satisfied. Check multi-core synchronization settings.
SoC	SMP requirements not satisfied. Check multi-core synchronization settings.
SoC	SMP requirements not satisfied. Check multi-core synchronization settings.
SoC	SMP requirements not satisfied. Check multi-core synchronization settings.
SoC	SMP requirements not satisfied. Check multi-core synchronization settings.
SoC	SMP requirements not satisfied. Check multi-core synchronization settings.
SoC	SMP requirements not satisfied. Check multi-core synchronization settings.
SoC	SMP requirements not satisfied. Check multi-core synchronization settings.
SoC	SMP requirements not satisfied. Check multi-core synchronization settings.
SoC	SMP requirements not satisfied. Check multi-core synchronization settings.
SoC	SMP requirements not satisfied. Check multi-core synchronization settings.
SoC	SMP requirements not satisfied. Check multi-core synchronization settings.
SoC	SMP requirements not satisfied. Check multi-core synchronization settings.
SoC	SMP requirements not satisfied. Check multi-core synchronization settings.
SoC	SMP requirements not satisfied. Check multi-core synchronization settings.
SoC	SMP requirements not satisfied. Check multi-core synchronization settings.
SoC	SMP requirements not satisfied. Check multi-core synchronization settings.
SoC	SMP requirements not satisfied. Check multi-core synchronization settings.
SoC	SMP requirements not satisfied. Check multi-core synchronization settings.
SoC	SMP requirements not satisfied. Check multi-core synchronization settings.
SoC	SMP requirements not satisfied. Check multi-core synchronization settings.
SoC	SMP requirements not satisfied. Check multi-core synchronization settings.
SoC	SMP requirements not satisfied. Check multi-core synchronization settings.
SoC	SMP requirements not satisfied. Check multi-core synchronization settings.
SoC	SMP requirements not satisfied. Check multi-core synchronization settings.
SoC	SMP requirements not satisfied. Check multi-core synchronization settings.
SoC	SMP requirements not satisfied. Check multi-core synchronization settings.
SoC	SMP requirements not satisfied. Check multi-core synchronization settings.
SoC	SMP requirements not satisfied. Check multi-core synchronization settings.
SoC	SMP requirements not satisfied. Check multi-core synchronization settings.
SoC	SMP requirements not satisfied. Check multi-core synchronization settings.
SoC	SMP requirements not satisfied. Check multi-core synchronization settings.
SoC	SMP requirements not satisfied. Check multi-core synchronization settings.
SoC	SMP requirements not satisfied. Check multi-core synchronization settings.
SoC	SMP requirements not satisfied. Check multi-core synchronization settings.
SoC	SMP requirements not satisfied. Check multi-core synchronization settings.
SoC	SMP requirements not satisfied. Check multi-core synchronization settings.
SoC	SMP requirements not satisfied. Check multi-core synchronization settings.
SoC	SMP requirements not satisfied. Check multi-core synchronization settings.
SoC	SMP requirements not satisfied. Check multi-core synchronization settings.
SoC	SMP requirements not satisfied. Check multi-core synchronization settings.
EMULATION	END - Not attempting cleanup
LOADING	C:\Users\FM23\AURIX-v1.10.2-workspace\Final_Project\TriCore Debug (TASKING)\Final_Project.elf
EMULATION	Probe - System; Root
EMULATION	Initial debug frequency set
EMULATION	Asserting reset
EMULATION	Connected to SoC/core(s)
EMULATION	Finished connecting to SoC
EMULATION	Releasing reset
EMULATION	Unexpected boot core state after debug entry
EMULATION	Initialization script (if any) done
No RAM which needs initialization found
EMULATION	Final debug frequency set
SoC	SMP requirements not satisfied. Check multi-core synchronization settings.
EMULATION	STARTED
SoC	SMP requirements not satisfied. Check multi-core synchronization settings.
PROGRAMMING 	14093 bytes
No security license - device program security checks are read-only
Device will be improperly configured after FLASH operation. Allow policy selected. BMHDID is not 0xB359! Violation detected on address 0xAF400000.
Device will be improperly configured after FLASH operation. Allow policy selected. Start address not in PFLASH! Violation detected on address 0xAF400004.
Device will be improperly configured after FLASH operation. Allow policy selected. Issue found in CRCBMHD - CRC value! Violation detected on address 0xAF400008.
Device will be improperly configured after FLASH operation. Allow policy selected. Issue found in CRCBMHD_N - CRCn value! Violation detected on address 0xAF40000C.
Device will be improperly configured after FLASH operation. Allow policy selected. Missing Confirmation code in BMHD! Violation detected on address 0xAF4001F0.
SoC	SMP requirements not satisfied. Check multi-core synchronization settings.
SoC	SMP requirements not satisfied. Check multi-core synchronization settings.
SoC	SMP requirements not satisfied. Check multi-core synchronization settings.
SoC	SMP requirements not satisfied. Check multi-core synchronization settings.
SoC	SMP requirements not satisfied. Check multi-core synchronization settings.
SoC	SMP requirements not satisfied. Check multi-core synchronization settings.
SoC	SMP requirements not satisfied. Check multi-core synchronization settings.
SoC	SMP requirements not satisfied. Check multi-core synchronization settings.
SoC	SMP requirements not satisfied. Check multi-core synchronization settings.
SoC	SMP requirements not satisfied. Check multi-core synchronization settings.
SoC	SMP requirements not satisfied. Check multi-core synchronization settings.
SoC	SMP requirements not satisfied. Check multi-core synchronization settings.
SoC	SMP requirements not satisfied. Check multi-core synchronization settings.
SoC	SMP requirements not satisfied. Check multi-core synchronization settings.
SoC	SMP requirements not satisfied. Check multi-core synchronization settings.
SoC	SMP requirements not satisfied. Check multi-core synchronization settings.
SoC	SMP requirements not satisfied. Check multi-core synchronization settings.
SoC	SMP requirements not satisfied. Check multi-core synchronization settings.
SoC	SMP requirements not satisfied. Check multi-core synchronization settings.
SoC	SMP requirements not satisfied. Check multi-core synchronization settings.
SoC	SMP requirements not satisfied. Check multi-core synchronization settings.
SoC	SMP requirements not satisfied. Check multi-core synchronization settings.
SoC	SMP requirements not satisfied. Check multi-core synchronization settings.
SoC	SMP requirements not satisfied. Check multi-core synchronization settings.
SoC	SMP requirements not satisfied. Check multi-core synchronization settings.
SoC	SMP requirements not satisfied. Check multi-core synchronization settings.
SoC	SMP requirements not satisfied. Check multi-core synchronization settings.
SoC	SMP requirements not satisfied. Check multi-core synchronization settings.
SoC	SMP requirements not satisfied. Check multi-core synchronization settings.
EMULATION	END - Not attempting cleanup
